⚠ Warning: Next.js inferred your workspace root, but it may not be correct.
 We detected multiple lockfiles and selected the directory of C:\Projects of Hasan\package-lock.json as the root directory.
 To silence this warning, set `turbopack.root` in your Next.js config, or consider removing one of the lockfiles if it's not needed.
   See https://nextjs.org/docs/app/api-reference/config/next-config-js/turbopack#root-directory for more information.
 Detected additional lockfiles: 
   * C:\Projects of Hasan\my_store\package-lock.json

▲ Next.js 16.2.2 (Turbopack)
- Environments: .env.local

  Creating an optimized production build ...
✓ Compiled successfully in 1560ms
  Running TypeScript ...
  Finished TypeScript in 1554ms ...
  Collecting page data using 6 workers ...
  Generating static pages using 6 workers (0/6) ...
Error occurred prerendering page "/ar". Read more: https://nextjs.org/docs/messages/prerender-error
TypeError: Cannot read properties of undefined (reading 'items')
    at R (C:\Projects of Hasan\my_store\.next\server\chunks\ssr\my_store_0ul0c00._.js:3:32914) {
  digest: '3686506590'
}
Export encountered an error on /[lang]/page: /ar, exiting the build.
⨯ Next.js build worker exited with code: 1 and signal: null
